<?xml version="1.0" encoding="UTF-8"?>
<testng-results ignored="0" total="2" passed="2" failed="0" skipped="0">
  <reporter-output>
  </reporter-output>
  <suite started-at="2024-11-19T14:00:34 IST" name="Default suite" finished-at="2024-11-19T14:00:41 IST" duration-ms="6931">
    <groups>
    </groups>
    <test started-at="2024-11-19T14:00:34 IST" name="Default test" finished-at="2024-11-19T14:00:41 IST" duration-ms="6931">
      <class name="ExtentReportPgm">
        <test-method is-config="true" signature="extentReport()[pri:0, instance:ExtentReportPgm@55182842]" started-at="2024-11-19T14:00:35 IST" name="extentReport" finished-at="2024-11-19T14:00:36 IST" duration-ms="1703" status="PASS">
          <reporter-output>
          </reporter-output>
        </test-method> <!-- extentReport -->
        <test-method is-config="true" signature="befMthd()[pri:0, instance:ExtentReportPgm@55182842]" started-at="2024-11-19T14:00:36 IST" name="befMthd" finished-at="2024-11-19T14:00:40 IST" duration-ms="4166" status="PASS">
          <reporter-output>
          </reporter-output>
        </test-method> <!-- befMthd -->
        <test-method signature="fbLogotest()[pri:0, instance:ExtentReportPgm@55182842]" started-at="2024-11-19T14:00:40 IST" name="fbLogotest" finished-at="2024-11-19T14:00:40 IST" duration-ms="48" status="PASS">
          <reporter-output>
          </reporter-output>
        </test-method> <!-- fbLogotest -->
        <test-method is-config="true" signature="browserClose(org.testng.ITestResult)[pri:0, instance:ExtentReportPgm@55182842]" started-at="2024-11-19T14:00:40 IST" name="browserClose" finished-at="2024-11-19T14:00:40 IST" duration-ms="5" status="PASS">
          <params>
            <param index="0">
              <value>
                <![CDATA[[TestResult name=fbLogotest status=SUCCESS method=ExtentReportPgm.fbLogotest()[pri:0, instance:ExtentReportPgm@55182842] output={null}]]]>
              </value>
            </param>
          </params>
          <reporter-output>
          </reporter-output>
        </test-method> <!-- browserClose -->
        <test-method is-config="true" signature="befMthd()[pri:0, instance:ExtentReportPgm@55182842]" started-at="2024-11-19T14:00:40 IST" name="befMthd" finished-at="2024-11-19T14:00:41 IST" duration-ms="742" status="PASS">
          <reporter-output>
          </reporter-output>
        </test-method> <!-- befMthd -->
        <test-method signature="titleVerification()[pri:0, instance:ExtentReportPgm@55182842]" started-at="2024-11-19T14:00:41 IST" name="titleVerification" finished-at="2024-11-19T14:00:41 IST" duration-ms="14" status="PASS">
          <reporter-output>
          </reporter-output>
        </test-method> <!-- titleVerification -->
        <test-method is-config="true" signature="browserClose(org.testng.ITestResult)[pri:0, instance:ExtentReportPgm@55182842]" started-at="2024-11-19T14:00:41 IST" name="browserClose" finished-at="2024-11-19T14:00:41 IST" duration-ms="0" status="PASS">
          <params>
            <param index="0">
              <value>
                <![CDATA[[TestResult name=titleVerification status=SUCCESS method=ExtentReportPgm.titleVerification()[pri:0, instance:ExtentReportPgm@55182842] output={null}]]]>
              </value>
            </param>
          </params>
          <reporter-output>
          </reporter-output>
        </test-method> <!-- browserClose -->
        <test-method is-config="true" signature="tearDown()[pri:0, instance:ExtentReportPgm@55182842]" started-at="2024-11-19T14:00:41 IST" name="tearDown" finished-at="2024-11-19T14:00:41 IST" duration-ms="227" status="PASS">
          <reporter-output>
          </reporter-output>
        </test-method> <!-- tearDown -->
      </class> <!-- ExtentReportPgm -->
    </test> <!-- Default test -->
  </suite> <!-- Default suite -->
</testng-results>
